2014-01-28 13:55:06 [SERVER] [INFO] Starting integrated minecraft server version 1.6.4
2014-01-28 13:55:06 [SERVER] [INFO] Generating keypair
2014-01-28 13:55:06 [SERVER] [INFO] Converting map!
2014-01-28 13:55:06 [SERVER] [INFO] Scanning folders...
2014-01-28 13:55:06 [SERVER] [INFO] Total conversion count is 0
2014-01-28 13:55:07 [SERVER] [INFO] Preparing start region for level 0
2014-01-28 13:55:09 [SERVER] [INFO] Preparing spawn area: 4%
2014-01-28 13:55:10 [SERVER] [INFO] Preparing spawn area: 7%
2014-01-28 13:55:11 [SERVER] [INFO] Preparing spawn area: 9%
2014-01-28 13:55:12 [SERVER] [INFO] Preparing spawn area: 18%
2014-01-28 13:55:13 [SERVER] [INFO] Preparing spawn area: 28%
2014-01-28 13:55:14 [SERVER] [INFO] Preparing spawn area: 36%
2014-01-28 13:55:15 [SERVER] [INFO] Preparing spawn area: 47%
2014-01-28 13:55:16 [SERVER] [INFO] Preparing spawn area: 55%
2014-01-28 13:55:17 [SERVER] [INFO] Preparing spawn area: 64%
2014-01-28 13:55:18 [SERVER] [INFO] Preparing spawn area: 73%
2014-01-28 13:55:19 [SERVER] [INFO] Preparing spawn area: 83%
2014-01-28 13:55:20 [SERVER] [INFO] Preparing spawn area: 91%
2014-01-28 13:55:21 [SERVER] [INFO] Preparing spawn area: 98%
2014-01-28 13:55:22 [SERVER] [INFO] Player749[/127.0.0.1:0] logged in with entity id 68 at (100.5, 70.0, 252.5)
2014-01-28 13:55:22 [SERVER] [INFO] Player749 joined the game
2014-01-28 13:55:26 [SERVER] [WARNING] Can't keep up! Did the system time change, or is the server overloaded?
2014-01-28 13:56:44 [SERVER] [INFO] Saving and pausing game...
2014-01-28 13:56:44 [SERVER] [INFO] Saving chunks for level 'Test'/Overworld
2014-01-28 13:56:44 [SERVER] [INFO] Saving chunks for level 'Test'/Nether
2014-01-28 13:56:44 [SERVER] [INFO] Saving chunks for level 'Test'/The End
2014-01-28 13:56:45 [SERVER] [INFO] Stopping server
2014-01-28 13:56:45 [SERVER] [INFO] Saving players
2014-01-28 13:56:45 [SERVER] [INFO] Player749 left the game
2014-01-28 13:56:45 [SERVER] [INFO] Saving worlds
2014-01-28 13:56:45 [SERVER] [INFO] Saving chunks for level 'Test'/Overworld
2014-01-28 13:56:46 [SERVER] [INFO] Saving chunks for level 'Test'/Nether
2014-01-28 13:56:46 [SERVER] [INFO] Saving chunks for level 'Test'/The End
2014-01-28 13:56:46 [SERVER] [INFO] Stopping server
